<?xml version="1.0" encoding="UTF-8"?>
<!-- Generated by org.testng.reporters.JUnitReportReporter -->
<testsuite hostname="DESKTOP-QRB56CU" failures="0" tests="1" name="utilities.BrowserFactory" time="0.012" errors="0" timestamp="2025-05-22T19:10:12 EDT" skipped="0">
  <testcase classname="utilities.BrowserFactory" name="startBrowser" time="0.012"/>
  <system-out/>
</testsuite> <!-- utilities.BrowserFactory -->
