<?xml version="1.0" encoding="UTF-8"?>
<!-- Generated by org.testng.reporters.JUnitReportReporter -->
<testsuite hostname="DESKTOP-QRB56CU" failures="0" tests="1" name="grid_docker.FacebookHomePage3" time="9.378" errors="0" timestamp="2025-05-23T09:28:08 EDT" skipped="0">
  <testcase classname="grid_docker.FacebookHomePage3" name="test3" time="9.378"/>
  <system-out/>
</testsuite> <!-- grid_docker.FacebookHomePage3 -->
